<?xml version="1.0" encoding="UTF-8"?>
<!-- Generated by org.testng.reporters.JUnitReportReporter -->
<testsuite skipped="0" hostname="Bharath-PC" name="TC004_GoogleMapPrintAllHeaders" tests="1" failures="0" timestamp="2020-06-25T09:52:32 IST" time="3.997" errors="0">
  <testcase name="googleMapTestPrintHeaders" time="3.997" classname="TC004_GoogleMapPrintAllHeaders"/>
  <system-out/>
</testsuite> <!-- TC004_GoogleMapPrintAllHeaders -->
