<?xml version="1.0" encoding="UTF-8"?>
<!-- Generated by org.testng.reporters.JUnitReportReporter -->
<testsuite skipped="0" hostname="Bharath-PC" name="TC006_ExtractAllJSONnodeResponse" tests="1" failures="0" timestamp="2020-06-25T10:15:09 IST" time="5.506" errors="0">
  <testcase name="googleMapPrintJSONResponse" time="5.506" classname="TC006_ExtractAllJSONnodeResponse"/>
  <system-out/>
</testsuite> <!-- TC006_ExtractAllJSONnodeResponse -->
