<?xml version="1.0" encoding="UTF-8"?>
<!-- Generated by org.testng.reporters.JUnitReportReporter -->
<testsuite skipped="0" hostname="Bharath-PC" name="TC005_GET_ValidateJSONResposeBody" tests="1" failures="0" timestamp="2020-06-25T10:03:24 IST" time="4.177" errors="0">
  <testcase name="googleMapPrintJSONResponse" time="4.177" classname="TC005_GET_ValidateJSONResposeBody"/>
  <system-out/>
</testsuite> <!-- TC005_GET_ValidateJSONResposeBody -->
