<?xml version="1.0" encoding="UTF-8"?>
<!-- Generated by org.testng.reporters.JUnitReportReporter -->
<testsuite skipped="0" hostname="Bharath-PC" name="TC001_GET_Request" tests="1" failures="0" timestamp="2020-06-24T16:12:49 IST" time="4.879" errors="0">
  <testcase name="getWeatherDetails" time="4.879" classname="TC001_GET_Request"/>
  <system-out/>
</testsuite> <!-- TC001_GET_Request -->
