<?xml version="1.0" encoding="UTF-8"?>
<!-- Generated by org.testng.reporters.JUnitReportReporter -->
<testsuite skipped="0" hostname="Bharath-PC" name="TC002_RegisterCustomerAPI" tests="1" failures="0" timestamp="2020-06-24T16:00:19 IST" time="5.456" errors="0">
  <testcase name="RegistrationSuccessful" time="5.456" classname="TC002_RegisterCustomerAPI"/>
  <system-out/>
</testsuite> <!-- TC002_RegisterCustomerAPI -->
