<?xml version="1.0" encoding="UTF-8"?>
<!-- Generated by org.testng.reporters.JUnitReportReporter -->
<testsuite skipped="0" hostname="Bharath-PC" name="TC003_GoogleMAPAPI" tests="1" failures="0" timestamp="2020-06-25T09:37:17 IST" time="4.115" errors="0">
  <testcase name="googleMapTest" time="4.115" classname="TC003_GoogleMAPAPI"/>
  <system-out/>
</testsuite> <!-- TC003_GoogleMAPAPI -->
