<?xml version="1.0" encoding="UTF-8"?>
<!-- Generated by org.testng.reporters.JUnitReportReporter -->
<testsuite skipped="0" hostname="Bharath-PC" name="TC008_DataDrivenTesting_AddNewEmp" tests="5" failures="0" timestamp="2020-06-25T14:03:51 IST" time="10.998" errors="0">
  <testcase name="addNeEmployee" time="1.018" classname="TC008_DataDrivenTesting_AddNewEmp"/>
  <system-out/>
  <testcase name="addNeEmployee" time="0.971" classname="TC008_DataDrivenTesting_AddNewEmp"/>
  <system-out/>
  <testcase name="addNeEmployee" time="0.979" classname="TC008_DataDrivenTesting_AddNewEmp"/>
  <system-out/>
  <testcase name="addNeEmployee" time="0.997" classname="TC008_DataDrivenTesting_AddNewEmp"/>
  <system-out/>
  <testcase name="addNeEmployee" time="7.033" classname="TC008_DataDrivenTesting_AddNewEmp"/>
  <system-out/>
</testsuite> <!-- TC008_DataDrivenTesting_AddNewEmp -->
