<?xml version="1.0" encoding="UTF-8"?>
<!-- Generated by org.testng.reporters.JUnitReportReporter -->
<testsuite skipped="0" hostname="Bharath-PC" name="TC007_AuthenticationAPI" tests="1" failures="0" timestamp="2020-06-25T10:29:09 IST" time="3.991" errors="0">
  <testcase name="AutherizationTest" time="3.991" classname="TC007_AuthenticationAPI"/>
  <system-out/>
</testsuite> <!-- TC007_AuthenticationAPI -->
